<?xml version="1.0" encoding="UTF-8"?>
<!-- Generated by org.testng.reporters.JUnitXMLReporter -->
<testsuite hostname="RSTPL087-PC" ignored="0" name="Default test" tests="5" failures="0" timestamp="2022-06-09T19:09:16 IST" time="0.051" errors="0">
  <testcase name="@BeforeMethod setup" time="-1.654781956264E9" classname="in.ptmantra.testscripts.AddNewPatients">
    <failure type="org.testng.TestNGException" message="
Parameter &amp;apos;browser&amp;apos; is required by BeforeMethod on method setup but has not been marked @Optional or defined
in C:\Users\RSTPL087\AppData\Local\Temp\testng-eclipse-724573015\testng-customsuite.xml">
      <![CDATA[org.testng.TestNGException: 
Parameter 'browser' is required by BeforeMethod on method setup but has not been marked @Optional or defined
in C:\Users\RSTPL087\AppData\Local\Temp\testng-eclipse-724573015\testng-customsuite.xml
at org.testng.internal.Parameters.createParams(Parameters.java:270)
at org.testng.internal.Parameters.createParametersForMethod(Parameters.java:358)
at org.testng.internal.Parameters.createParameters(Parameters.java:700)
at org.testng.internal.Parameters.createConfigurationParameters(Parameters.java:168)
at org.testng.internal.ConfigInvoker.invokeConfigurations(ConfigInvoker.java:302)
at org.testng.internal.TestInvoker.runConfigMethods(TestInvoker.java:700)
at org.testng.internal.TestInvoker.invokeMethod(TestInvoker.java:527)
at org.testng.internal.TestInvoker.invokeTestMethod(TestInvoker.java:173)
at org.testng.internal.MethodRunner.runInSequence(MethodRunner.java:46)
at org.testng.internal.TestInvoker$MethodInvocationAgent.invoke(TestInvoker.java:824)
at org.testng.internal.TestInvoker.invokeTestMethods(TestInvoker.java:146)
at org.testng.internal.TestMethodWorker.invokeTestMethods(TestMethodWorker.java:146)
at org.testng.internal.TestMethodWorker.run(TestMethodWorker.java:128)
at java.util.ArrayList.forEach(ArrayList.java:1257)
at org.testng.TestRunner.privateRun(TestRunner.java:794)
at org.testng.TestRunner.run(TestRunner.java:596)
at org.testng.SuiteRunner.runTest(SuiteRunner.java:377)
at org.testng.SuiteRunner.runSequentially(SuiteRunner.java:371)
at org.testng.SuiteRunner.privateRun(SuiteRunner.java:332)
at org.testng.SuiteRunner.run(SuiteRunner.java:276)
at org.testng.SuiteRunnerWorker.runSuite(SuiteRunnerWorker.java:53)
at org.testng.SuiteRunnerWorker.run(SuiteRunnerWorker.java:96)
at org.testng.TestNG.runSuitesSequentially(TestNG.java:1212)
at org.testng.TestNG.runSuitesLocally(TestNG.java:1134)
at org.testng.TestNG.runSuites(TestNG.java:1063)
at org.testng.TestNG.run(TestNG.java:1031)
at org.testng.remote.AbstractRemoteTestNG.run(AbstractRemoteTestNG.java:115)
at org.testng.remote.RemoteTestNG.initAndRun(RemoteTestNG.java:251)
at org.testng.remote.RemoteTestNG.main(RemoteTestNG.java:77)
]]>
    </failure>
  </testcase> <!-- @BeforeMethod setup -->
  <testcase name="@AfterMethod tearDown" time="-1.654781956273E9" classname="in.ptmantra.testscripts.AddNewPatients">
    <skipped/>
  </testcase> <!-- @AfterMethod tearDown -->
  <testcase name="@BeforeMethod setup" time="-1.654781956276E9" classname="in.ptmantra.testscripts.AddNewPatients">
    <skipped/>
  </testcase> <!-- @BeforeMethod setup -->
  <testcase name="@AfterMethod tearDown" time="-1.65478195628E9" classname="in.ptmantra.testscripts.AddNewPatients">
    <skipped/>
  </testcase> <!-- @AfterMethod tearDown -->
  <testcase name="@BeforeMethod setup" time="-1.654781956283E9" classname="in.ptmantra.testscripts.AddNewPatients">
    <skipped/>
  </testcase> <!-- @BeforeMethod setup -->
  <testcase name="@AfterMethod tearDown" time="-1.654781956287E9" classname="in.ptmantra.testscripts.AddNewPatients">
    <skipped/>
  </testcase> <!-- @AfterMethod tearDown -->
  <testcase name="@BeforeMethod setup" time="-1.654781956289E9" classname="in.ptmantra.testscripts.AddNewPatients">
    <skipped/>
  </testcase> <!-- @BeforeMethod setup -->
  <testcase name="@AfterMethod tearDown" time="-1.65478195629E9" classname="in.ptmantra.testscripts.AddNewPatients">
    <skipped/>
  </testcase> <!-- @AfterMethod tearDown -->
  <testcase name="@BeforeMethod setup" time="-1.654781956292E9" classname="in.ptmantra.testscripts.AddNewPatients">
    <skipped/>
  </testcase> <!-- @BeforeMethod setup -->
  <testcase name="@AfterMethod tearDown" time="-1.654781956295E9" classname="in.ptmantra.testscripts.AddNewPatients">
    <skipped/>
  </testcase> <!-- @AfterMethod tearDown -->
  <testcase name="creatingNewPatient" time="0.0" classname="in.ptmantra.testscripts.AddNewPatients">
    <skipped/>
  </testcase> <!-- creatingNewPatient -->
  <testcase name="emptyFirstName" time="0.0" classname="in.ptmantra.testscripts.AddNewPatients">
    <skipped/>
  </testcase> <!-- emptyFirstName -->
  <testcase name="emptyLastName" time="0.0" classname="in.ptmantra.testscripts.AddNewPatients">
    <skipped/>
  </testcase> <!-- emptyLastName -->
  <testcase name="emptyEmail" time="0.0" classname="in.ptmantra.testscripts.AddNewPatients">
    <skipped/>
  </testcase> <!-- emptyEmail -->
  <testcase name="fullempty" time="0.0" classname="in.ptmantra.testscripts.AddNewPatients">
    <skipped/>
  </testcase> <!-- fullempty -->
</testsuite> <!-- Default test -->
