<?xml version="1.0" encoding="UTF-8"?>
<!-- Generated by org.testng.reporters.JUnitXMLReporter -->
<testsuite hostname="RSTPL087-PC" ignored="0" name="chrome" tests="7" failures="0" timestamp="2022-05-31T14:32:41 IST" time="332.107" errors="0">
  <testcase name="@BeforeMethod setup" time="332.015" classname="in.ptmantra.testscripts.Login">
    <failure type="org.openqa.selenium.TimeoutException" message="Timed out waiting for page to load.
Build info: version: &amp;apos;3.141.59&amp;apos;, revision: &amp;apos;e82be7d358&amp;apos;, time: &amp;apos;2018-11-14T08:17:03&amp;apos;
System info: host: &amp;apos;RSTPL087-PC&amp;apos;, ip: &amp;apos;192.168.51.213&amp;apos;, os.name: &amp;apos;Windows 10&amp;apos;, os.arch: &amp;apos;amd64&amp;apos;, os.version: &amp;apos;10.0&amp;apos;, java.version: &amp;apos;1.8.0_221&amp;apos;
Driver info: org.openqa.selenium.ie.InternetExplorerDriver
Capabilities {acceptInsecureCerts: false, browserName: internet explorer, browserVersion: 11, javascriptEnabled: true, pageLoadStrategy: normal, platform: WINDOWS, platformName: WINDOWS, proxy: Proxy(), se:ieOptions: {browserAttachTimeout: 0, elementScrollBehavior: 0, enablePersistentHover: true, ie.browserCommandLineSwitches: , ie.edgechromium: false, ie.edgepath: , ie.ensureCleanSession: false, ie.fileUploadDialogTimeout: 3000, ie.forceCreateProcessApi: false, ignoreProtectedModeSettings: false, ignoreZoomSetting: false, initialBrowserUrl: http://localhost:46908/, nativeEvents: true, requireWindowFocus: false}, setWindowRect: true, strictFileInteractability: false, timeouts: {implicit: 0, pageLoad: 300000, script: 30000}, unhandledPromptBehavior: dismiss and notify}
Session ID: 26a631d1-2154-438b-97c0-c31aa5d044a7">
      <![CDATA[org.openqa.selenium.TimeoutException: Timed out waiting for page to load.
Build info: version: '3.141.59', revision: 'e82be7d358', time: '2018-11-14T08:17:03'
System info: host: 'RSTPL087-PC', ip: '192.168.51.213', os.name: 'Windows 10', os.arch: 'amd64', os.version: '10.0', java.version: '1.8.0_221'
Driver info: org.openqa.selenium.ie.InternetExplorerDriver
Capabilities {acceptInsecureCerts: false, browserName: internet explorer, browserVersion: 11, javascriptEnabled: true, pageLoadStrategy: normal, platform: WINDOWS, platformName: WINDOWS, proxy: Proxy(), se:ieOptions: {browserAttachTimeout: 0, elementScrollBehavior: 0, enablePersistentHover: true, ie.browserCommandLineSwitches: , ie.edgechromium: false, ie.edgepath: , ie.ensureCleanSession: false, ie.fileUploadDialogTimeout: 3000, ie.forceCreateProcessApi: false, ignoreProtectedModeSettings: false, ignoreZoomSetting: false, initialBrowserUrl: http://localhost:46908/, nativeEvents: true, requireWindowFocus: false}, setWindowRect: true, strictFileInteractability: false, timeouts: {implicit: 0, pageLoad: 300000, script: 30000}, unhandledPromptBehavior: dismiss and notify}
Session ID: 26a631d1-2154-438b-97c0-c31aa5d044a7
at org.openqa.selenium.remote.http.W3CHttpResponseCodec.createException(W3CHttpResponseCodec.java:187)
at org.openqa.selenium.remote.http.W3CHttpResponseCodec.decode(W3CHttpResponseCodec.java:122)
at org.openqa.selenium.remote.http.W3CHttpResponseCodec.decode(W3CHttpResponseCodec.java:49)
at org.openqa.selenium.remote.HttpCommandExecutor.execute(HttpCommandExecutor.java:158)
at org.openqa.selenium.remote.service.DriverCommandExecutor.execute(DriverCommandExecutor.java:83)
at org.openqa.selenium.remote.RemoteWebDriver.execute(RemoteWebDriver.java:552)
at org.openqa.selenium.remote.RemoteWebDriver.get(RemoteWebDriver.java:277)
at in.ptmantra.base.BaseClass.launchApp(BaseClass.java:98)
at in.ptmantra.testscripts.Login.setup(Login.java:29)
at java.util.ArrayList.forEach(ArrayList.java:1257)
... Removed 35 stack frames]]>
    </failure>
  </testcase> <!-- @BeforeMethod setup -->
  <testcase name="@AfterMethod teardown" time="-1.653987761643E9" classname="in.ptmantra.testscripts.Login">
    <skipped/>
  </testcase> <!-- @AfterMethod teardown -->
  <testcase name="@BeforeMethod setup" time="-1.653987761647E9" classname="in.ptmantra.testscripts.Login">
    <skipped/>
  </testcase> <!-- @BeforeMethod setup -->
  <testcase name="@AfterMethod teardown" time="-1.653987761656E9" classname="in.ptmantra.testscripts.Login">
    <skipped/>
  </testcase> <!-- @AfterMethod teardown -->
  <testcase name="@BeforeMethod setup" time="-1.653987761659E9" classname="in.ptmantra.testscripts.Login">
    <skipped/>
  </testcase> <!-- @BeforeMethod setup -->
  <testcase name="@AfterMethod teardown" time="-1.653987761666E9" classname="in.ptmantra.testscripts.Login">
    <skipped/>
  </testcase> <!-- @AfterMethod teardown -->
  <testcase name="@BeforeMethod setup" time="-1.653987761668E9" classname="in.ptmantra.testscripts.Login">
    <skipped/>
  </testcase> <!-- @BeforeMethod setup -->
  <testcase name="@AfterMethod teardown" time="-1.653987761674E9" classname="in.ptmantra.testscripts.Login">
    <skipped/>
  </testcase> <!-- @AfterMethod teardown -->
  <testcase name="@BeforeMethod setup" time="-1.653987761676E9" classname="in.ptmantra.testscripts.Login">
    <skipped/>
  </testcase> <!-- @BeforeMethod setup -->
  <testcase name="@AfterMethod teardown" time="-1.653987761681E9" classname="in.ptmantra.testscripts.Login">
    <skipped/>
  </testcase> <!-- @AfterMethod teardown -->
  <testcase name="@BeforeMethod setup" time="-1.653987761683E9" classname="in.ptmantra.testscripts.Login">
    <skipped/>
  </testcase> <!-- @BeforeMethod setup -->
  <testcase name="@AfterMethod teardown" time="-1.653987761687E9" classname="in.ptmantra.testscripts.Login">
    <skipped/>
  </testcase> <!-- @AfterMethod teardown -->
  <testcase name="@BeforeMethod setup" time="-1.653987761687E9" classname="in.ptmantra.testscripts.Login">
    <skipped/>
  </testcase> <!-- @BeforeMethod setup -->
  <testcase name="@AfterMethod teardown" time="-1.653987761691E9" classname="in.ptmantra.testscripts.Login">
    <skipped/>
  </testcase> <!-- @AfterMethod teardown -->
  <testcase name="validCredentials" time="0.0" classname="in.ptmantra.testscripts.Login">
    <skipped/>
  </testcase> <!-- validCredentials -->
  <testcase name="invalidCredentials" time="0.0" classname="in.ptmantra.testscripts.Login">
    <skipped/>
  </testcase> <!-- invalidCredentials -->
  <testcase name="emptyCredentials" time="0.0" classname="in.ptmantra.testscripts.Login">
    <skipped/>
  </testcase> <!-- emptyCredentials -->
  <testcase name="correctUserName" time="0.0" classname="in.ptmantra.testscripts.Login">
    <skipped/>
  </testcase> <!-- correctUserName -->
  <testcase name="correctPwd" time="0.0" classname="in.ptmantra.testscripts.Login">
    <skipped/>
  </testcase> <!-- correctPwd -->
  <testcase name="registration" time="0.0" classname="in.ptmantra.testscripts.Login">
    <skipped/>
  </testcase> <!-- registration -->
  <testcase name="resetPassword" time="0.0" classname="in.ptmantra.testscripts.Login">
    <skipped/>
  </testcase> <!-- resetPassword -->
</testsuite> <!-- chrome -->
