<?xml version="1.0" encoding="UTF-8"?>
<!-- Generated by org.testng.reporters.JUnitXMLReporter -->
<testsuite hostname="RSTPL087-PC" ignored="0" name="FirefoxTest(failed)" tests="7" failures="0" timestamp="2022-05-31T15:23:51 IST" time="131.539" errors="0">
  <testcase name="@BeforeMethod setup" time="131.47" classname="in.ptmantra.testscripts.Login">
    <failure type="org.openqa.selenium.TimeoutException" message="Failed to read marionette port
Build info: version: &amp;apos;3.141.59&amp;apos;, revision: &amp;apos;e82be7d358&amp;apos;, time: &amp;apos;2018-11-14T08:17:03&amp;apos;
System info: host: &amp;apos;RSTPL087-PC&amp;apos;, ip: &amp;apos;192.168.51.213&amp;apos;, os.name: &amp;apos;Windows 10&amp;apos;, os.arch: &amp;apos;amd64&amp;apos;, os.version: &amp;apos;10.0&amp;apos;, java.version: &amp;apos;1.8.0_221&amp;apos;
Driver info: driver.version: FirefoxDriver
remote stacktrace: ">
      <![CDATA[org.openqa.selenium.TimeoutException: Failed to read marionette port
Build info: version: '3.141.59', revision: 'e82be7d358', time: '2018-11-14T08:17:03'
System info: host: 'RSTPL087-PC', ip: '192.168.51.213', os.name: 'Windows 10', os.arch: 'amd64', os.version: '10.0', java.version: '1.8.0_221'
Driver info: driver.version: FirefoxDriver
remote stacktrace: 
at org.openqa.selenium.remote.W3CHandshakeResponse.lambda$errorHandler$0(W3CHandshakeResponse.java:62)
at org.openqa.selenium.remote.HandshakeResponse.lambda$getResponseFunction$0(HandshakeResponse.java:30)
at org.openqa.selenium.remote.ProtocolHandshake.lambda$createSession$0(ProtocolHandshake.java:126)
at java.util.stream.ReferencePipeline$3$1.accept(ReferencePipeline.java:193)
at java.util.Spliterators$ArraySpliterator.tryAdvance(Spliterators.java:958)
at java.util.stream.ReferencePipeline.forEachWithCancel(ReferencePipeline.java:126)
at java.util.stream.AbstractPipeline.copyIntoWithCancel(AbstractPipeline.java:499)
at java.util.stream.AbstractPipeline.copyInto(AbstractPipeline.java:486)
at java.util.stream.AbstractPipeline.wrapAndCopyInto(AbstractPipeline.java:472)
at java.util.stream.FindOps$FindOp.evaluateSequential(FindOps.java:152)
at java.util.stream.AbstractPipeline.evaluate(AbstractPipeline.java:234)
at java.util.stream.ReferencePipeline.findFirst(ReferencePipeline.java:464)
at org.openqa.selenium.remote.ProtocolHandshake.createSession(ProtocolHandshake.java:128)
at org.openqa.selenium.remote.ProtocolHandshake.createSession(ProtocolHandshake.java:74)
at org.openqa.selenium.remote.HttpCommandExecutor.execute(HttpCommandExecutor.java:136)
at org.openqa.selenium.remote.service.DriverCommandExecutor.execute(DriverCommandExecutor.java:83)
at org.openqa.selenium.remote.RemoteWebDriver.execute(RemoteWebDriver.java:552)
at org.openqa.selenium.remote.RemoteWebDriver.startSession(RemoteWebDriver.java:213)
at org.openqa.selenium.remote.RemoteWebDriver.<init>(RemoteWebDriver.java:131)
at org.openqa.selenium.firefox.FirefoxDriver.<init>(FirefoxDriver.java:147)
at org.openqa.selenium.firefox.FirefoxDriver.<init>(FirefoxDriver.java:125)
at in.ptmantra.base.BaseClass.launchApp(BaseClass.java:84)
at in.ptmantra.testscripts.Login.setup(Login.java:29)
at java.util.ArrayList.forEach(ArrayList.java:1257)
at java.util.concurrent.FutureTask.run(FutureTask.java:266)
at java.util.concurrent.ThreadPoolExecutor.runWorker(ThreadPoolExecutor.java:1149)
at java.util.concurrent.ThreadPoolExecutor$Worker.run(ThreadPoolExecutor.java:624)
at java.lang.Thread.run(Thread.java:748)
... Removed 26 stack frames]]>
    </failure>
  </testcase> <!-- @BeforeMethod setup -->
  <testcase name="@AfterMethod teardown" time="-1.65399083165E9" classname="in.ptmantra.testscripts.Login">
    <skipped/>
  </testcase> <!-- @AfterMethod teardown -->
  <testcase name="@BeforeMethod setup" time="-1.65399083165E9" classname="in.ptmantra.testscripts.Login">
    <skipped/>
  </testcase> <!-- @BeforeMethod setup -->
  <testcase name="@AfterMethod teardown" time="-1.653990831653E9" classname="in.ptmantra.testscripts.Login">
    <skipped/>
  </testcase> <!-- @AfterMethod teardown -->
  <testcase name="@BeforeMethod setup" time="-1.653990831655E9" classname="in.ptmantra.testscripts.Login">
    <skipped/>
  </testcase> <!-- @BeforeMethod setup -->
  <testcase name="@AfterMethod teardown" time="-1.653990831659E9" classname="in.ptmantra.testscripts.Login">
    <skipped/>
  </testcase> <!-- @AfterMethod teardown -->
  <testcase name="@BeforeMethod setup" time="-1.653990831661E9" classname="in.ptmantra.testscripts.Login">
    <skipped/>
  </testcase> <!-- @BeforeMethod setup -->
  <testcase name="@AfterMethod teardown" time="-1.653990831664E9" classname="in.ptmantra.testscripts.Login">
    <skipped/>
  </testcase> <!-- @AfterMethod teardown -->
  <testcase name="@BeforeMethod setup" time="-1.653990831666E9" classname="in.ptmantra.testscripts.Login">
    <skipped/>
  </testcase> <!-- @BeforeMethod setup -->
  <testcase name="@AfterMethod teardown" time="-1.65399083167E9" classname="in.ptmantra.testscripts.Login">
    <skipped/>
  </testcase> <!-- @AfterMethod teardown -->
  <testcase name="@BeforeMethod setup" time="-1.653990831672E9" classname="in.ptmantra.testscripts.Login">
    <skipped/>
  </testcase> <!-- @BeforeMethod setup -->
  <testcase name="@AfterMethod teardown" time="-1.653990831676E9" classname="in.ptmantra.testscripts.Login">
    <skipped/>
  </testcase> <!-- @AfterMethod teardown -->
  <testcase name="@BeforeMethod setup" time="-1.653990831678E9" classname="in.ptmantra.testscripts.Login">
    <skipped/>
  </testcase> <!-- @BeforeMethod setup -->
  <testcase name="@AfterMethod teardown" time="-1.653990831681E9" classname="in.ptmantra.testscripts.Login">
    <skipped/>
  </testcase> <!-- @AfterMethod teardown -->
  <testcase name="validCredentials" time="0.0" classname="in.ptmantra.testscripts.Login">
    <skipped/>
  </testcase> <!-- validCredentials -->
  <testcase name="invalidCredentials" time="0.0" classname="in.ptmantra.testscripts.Login">
    <skipped/>
  </testcase> <!-- invalidCredentials -->
  <testcase name="emptyCredentials" time="0.0" classname="in.ptmantra.testscripts.Login">
    <skipped/>
  </testcase> <!-- emptyCredentials -->
  <testcase name="correctUserName" time="0.0" classname="in.ptmantra.testscripts.Login">
    <skipped/>
  </testcase> <!-- correctUserName -->
  <testcase name="correctPwd" time="0.0" classname="in.ptmantra.testscripts.Login">
    <skipped/>
  </testcase> <!-- correctPwd -->
  <testcase name="registration" time="0.0" classname="in.ptmantra.testscripts.Login">
    <skipped/>
  </testcase> <!-- registration -->
  <testcase name="resetPassword" time="0.0" classname="in.ptmantra.testscripts.Login">
    <skipped/>
  </testcase> <!-- resetPassword -->
</testsuite> <!-- FirefoxTest(failed) -->
